f:\projects\ojanswers\ojanswers\debug\1000.obj
f:\projects\ojanswers\ojanswers\debug\1001.obj
f:\projects\ojanswers\ojanswers\debug\1002.obj
f:\projects\ojanswers\ojanswers\debug\main.obj
f:\projects\ojanswers\ojanswers\debug\vc110.pdb
f:\projects\ojanswers\ojanswers\debug\1003.obj
f:\projects\ojanswers\debug\ojanswers.ilk
f:\projects\ojanswers\debug\ojanswers.exe
f:\projects\ojanswers\debug\ojanswers.pdb
f:\projects\ojanswers\ojanswers\debug\cl.command.1.tlog
f:\projects\ojanswers\ojanswers\debug\cl.read.1.tlog
f:\projects\ojanswers\ojanswers\debug\cl.write.1.tlog
f:\projects\ojanswers\ojanswers\debug\link-cvtres.read.1.tlog
f:\projects\ojanswers\ojanswers\debug\link-cvtres.write.1.tlog
f:\projects\ojanswers\ojanswers\debug\link-rc.read.1.tlog
f:\projects\ojanswers\ojanswers\debug\link-rc.write.1.tlog
f:\projects\ojanswers\ojanswers\debug\link.12720-cvtres.read.1.tlog
f:\projects\ojanswers\ojanswers\debug\link.12720-cvtres.write.1.tlog
f:\projects\ojanswers\ojanswers\debug\link.12720-rc.read.1.tlog
f:\projects\ojanswers\ojanswers\debug\link.12720-rc.write.1.tlog
f:\projects\ojanswers\ojanswers\debug\link.12720.read.1.tlog
f:\projects\ojanswers\ojanswers\debug\link.12720.write.1.tlog
f:\projects\ojanswers\ojanswers\debug\link.command.1.tlog
f:\projects\ojanswers\ojanswers\debug\link.read.1.tlog
f:\projects\ojanswers\ojanswers\debug\link.write.1.tlog
f:\projects\ojanswers\ojanswers\debug\vc110.idb
