Build started 2014/11/26 21:56:39.
     1>Project "G:\Projects\OJAnswers\OJAnswers\OJAnswers.vcxproj" on node 2 (Build target(s)).
     1>ClCompile:
         C:\Program Files (x86)\Microsoft Visual Studio 12.0\VC\bin\CL.exe /c /ZI /nologo /W3 /WX- /sdl /Od /Oy- /D _MBCS /Gm /EHsc /RTC1 /MDd /GS /fp:precise /Zc:wchar_t /Zc:forScope /Fo"Debug\\" /Fd"Debug\vc120.pdb" /Gd /TP /analyze- /errorReport:prompt 1010.cpp
         1010.cpp
       Link:
         C:\Program Files (x86)\Microsoft Visual Studio 12.0\VC\bin\link.exe /ERRORREPORT:PROMPT /OUT:"G:\Projects\OJAnswers\Debug\OJAnswers.exe" /INCREMENTAL /NOLOGO kernel32.lib user32.lib gdi32.lib winspool.lib comdlg32.lib advapi32.lib shell32.lib ole32.lib oleaut32.lib uuid.lib odbc32.lib odbccp32.lib /MANIFEST /MANIFESTUAC:"level='asInvoker' uiAccess='false'" /manifest:embed /DEBUG /PDB:"G:\Projects\OJAnswers\Debug\OJAnswers.pdb" /TLBID:1 /DYNAMICBASE /NXCOMPAT /IMPLIB:"G:\Projects\OJAnswers\Debug\OJAnswers.lib" /MACHINE:X86 Debug\1000.obj
         Debug\1001.obj
         Debug\1002.obj
         Debug\1003.obj
         Debug\1004.obj
         Debug\1005.obj
         Debug\1006.obj
         Debug\1007.obj
         Debug\1008.obj
         Debug\1009.obj
         Debug\1010.obj
         Debug\main.obj
         OJAnswers.vcxproj -> G:\Projects\OJAnswers\Debug\OJAnswers.exe
     1>Done Building Project "G:\Projects\OJAnswers\OJAnswers\OJAnswers.vcxproj" (Build target(s)).

Build succeeded.

Time Elapsed 00:00:00.90
